<?xml version="1.0" encoding="UTF-8"?>
<!-- Generated by org.testng.reporters.JUnitReportReporter -->
<testsuite skipped="0" hostname="Sachin-Khanvilkar.local" name="com.emaxlandmarkdigital.mobiletests.utilities.RunnerTest" tests="3" failures="0" timestamp="2022-02-08T18:01:18 IST" time="347.816" errors="0">
  <testcase name="runScenario" time="127.702" classname="com.emaxlandmarkdigital.mobiletests.utilities.RunnerTest"/>
  <system-out/>
  <testcase name="runScenario" time="115.380" classname="com.emaxlandmarkdigital.mobiletests.utilities.RunnerTest"/>
  <system-out/>
  <testcase name="runScenario" time="104.734" classname="com.emaxlandmarkdigital.mobiletests.utilities.RunnerTest"/>
  <system-out/>
</testsuite> <!-- com.emaxlandmarkdigital.mobiletests.utilities.RunnerTest -->
